<?xml version="1.0" encoding="UTF-8"?>
<!-- Generated by org.testng.reporters.JUnitReportReporter -->
<testsuite skipped="0" hostname="rupesh-System-Product-Name" name="BaseforAll.Base" tests="1" failures="0" timestamp="11 Nov 2019 14:20:51 GMT" time="2.102" errors="0">
  <testcase name="SelectBrowser" time="2.102" classname="BaseforAll.Base"/>
</testsuite> <!-- BaseforAll.Base -->
