<?xml version="1.0" encoding="UTF-8"?>
<!-- Generated by org.testng.reporters.JUnitReportReporter -->
<testsuite skipped="0" hostname="rupesh-System-Product-Name" name="BDCollect_TestScenarios.Verify_the_Login_page_Element" tests="2" failures="0" timestamp="13 Nov 2019 05:29:14 GMT" time="17.668" errors="0">
  <testcase name="Checkc_all_elements" time="0.338" classname="BDCollect_TestScenarios.Verify_the_Login_page_Element"/>
  <testcase name="Verify_the_login" time="17.330" classname="BDCollect_TestScenarios.Verify_the_Login_page_Element"/>
</testsuite> <!-- BDCollect_TestScenarios.Verify_the_Login_page_Element -->
